# JRE version: Java(TM) SE Runtime Environment (8.0_121-b13) (build 1.8.0_121-b13)
# Java VM: Java HotSpot(TM) 64-Bit Server VM (25.121-b13 mixed mode windows-amd64 compressed oops)
Heap:
 PSYoungGen      total 122368K, used 70236K [0x00000000d5580000, 0x00000000dd600000, 0x0000000100000000)
  eden space 113152K, 62% used [0x00000000d5580000,0x00000000d9a17260,0x00000000dc400000)
  from space 9216K, 0% used [0x00000000dc400000,0x00000000dc400000,0x00000000dcd00000)
  to   space 8704K, 0% used [0x00000000dcd80000,0x00000000dcd80000,0x00000000dd600000)
 ParOldGen       total 86528K, used 21594K [0x0000000080000000, 0x0000000085480000, 0x00000000d5580000)
  object space 86528K, 24% used [0x0000000080000000,0x0000000081516b70,0x0000000085480000)
 Metaspace       used 41456K, capacity 43132K, committed 43520K, reserved 1087488K
  class space    used 5670K, capacity 6017K, committed 6144K, reserved 1048576K
GC Heap History (10 events):
Event: 3.158 GC heap before
{Heap before GC invocations=7 (full 1):
 PSYoungGen      total 71680K, used 71676K [0x00000000d5580000, 0x00000000dd680000, 0x0000000100000000)
  eden space 66560K, 100% used [0x00000000d5580000,0x00000000d9680000,0x00000000d9680000)
  from space 5120K, 99% used [0x00000000d9680000,0x00000000d9b7f1d0,0x00000000d9b80000)
  to   space 9216K, 0% used [0x00000000dcd80000,0x00000000dcd80000,0x00000000dd680000)
 ParOldGen       total 54784K, used 9437K [0x0000000080000000, 0x0000000083580000, 0x00000000d5580000)
  object space 54784K, 17% used [0x0000000080000000,0x0000000080937578,0x0000000083580000)
 Metaspace       used 24525K, capacity 25412K, committed 25600K, reserved 1071104K
  class space    used 3353K, capacity 3581K, committed 3584K, reserved 1048576K
Event: 3.171 GC heap after
Heap after GC invocations=7 (full 1):
 PSYoungGen      total 121856K, used 7738K [0x00000000d5580000, 0x00000000dd600000, 0x0000000100000000)
  eden space 113152K, 0% used [0x00000000d5580000,0x00000000d5580000,0x00000000dc400000)
  from space 8704K, 88% used [0x00000000dcd80000,0x00000000dd50e818,0x00000000dd600000)
  to   space 9216K, 0% used [0x00000000dc400000,0x00000000dc400000,0x00000000dcd00000)
 ParOldGen       total 54784K, used 9445K [0x0000000080000000, 0x0000000083580000, 0x00000000d5580000)
  object space 54784K, 17% used [0x0000000080000000,0x0000000080939578,0x0000000083580000)
 Metaspace       used 24525K, capacity 25412K, committed 25600K, reserved 1071104K
  class space    used 3353K, capacity 3581K, committed 3584K, reserved 1048576K
}
Event: 4.506 GC heap before
{Heap before GC invocations=8 (full 1):
 PSYoungGen      total 121856K, used 120890K [0x00000000d5580000, 0x00000000dd600000, 0x0000000100000000)
  eden space 113152K, 100% used [0x00000000d5580000,0x00000000dc400000,0x00000000dc400000)
  from space 8704K, 88% used [0x00000000dcd80000,0x00000000dd50e818,0x00000000dd600000)
  to   space 9216K, 0% used [0x00000000dc400000,0x00000000dc400000,0x00000000dcd00000)
 ParOldGen       total 54784K, used 9445K [0x0000000080000000, 0x0000000083580000, 0x00000000d5580000)
  object space 54784K, 17% used [0x0000000080000000,0x0000000080939578,0x0000000083580000)
 Metaspace       used 30004K, capacity 31600K, committed 31872K, reserved 1077248K
  class space    used 4125K, capacity 4457K, committed 4480K, reserved 1048576K
Event: 4.532 GC heap after
Heap after GC invocations=8 (full 1):
 PSYoungGen      total 122368K, used 9204K [0x00000000d5580000, 0x00000000dd600000, 0x0000000100000000)
  eden space 113152K, 0% used [0x00000000d5580000,0x00000000d5580000,0x00000000dc400000)
  from space 9216K, 99% used [0x00000000dc400000,0x00000000dccfd348,0x00000000dcd00000)
  to   space 8704K, 0% used [0x00000000dcd80000,0x00000000dcd80000,0x00000000dd600000)
 ParOldGen       total 54784K, used 14782K [0x0000000080000000, 0x0000000083580000, 0x00000000d5580000)
  object space 54784K, 26% used [0x0000000080000000,0x0000000080e6f9e8,0x0000000083580000)
 Metaspace       used 30004K, capacity 31600K, committed 31872K, reserved 1077248K
  class space    used 4125K, capacity 4457K, committed 4480K, reserved 1048576K
}
Event: 5.281 GC heap before
{Heap before GC invocations=9 (full 1):
 PSYoungGen      total 122368K, used 122356K [0x00000000d5580000, 0x00000000dd600000, 0x0000000100000000)
  eden space 113152K, 100% used [0x00000000d5580000,0x00000000dc400000,0x00000000dc400000)
  from space 9216K, 99% used [0x00000000dc400000,0x00000000dccfd348,0x00000000dcd00000)
  to   space 8704K, 0% used [0x00000000dcd80000,0x00000000dcd80000,0x00000000dd600000)
 ParOldGen       total 54784K, used 14782K [0x0000000080000000, 0x0000000083580000, 0x00000000d5580000)
  object space 54784K, 26% used [0x0000000080000000,0x0000000080e6f9e8,0x0000000083580000)
 Metaspace       used 33250K, capacity 34868K, committed 35072K, reserved 1079296K
  class space    used 4534K, capacity 4855K, committed 4864K, reserved 1048576K
Event: 5.301 GC heap after
Heap after GC invocations=9 (full 1):
 PSYoungGen      total 121856K, used 8674K [0x00000000d5580000, 0x00000000dd600000, 0x0000000100000000)
  eden space 113152K, 0% used [0x00000000d5580000,0x00000000d5580000,0x00000000dc400000)
  from space 8704K, 99% used [0x00000000dcd80000,0x00000000dd5f8808,0x00000000dd600000)
  to   space 9216K, 0% used [0x00000000dc400000,0x00000000dc400000,0x00000000dcd00000)
 ParOldGen       total 54784K, used 23579K [0x0000000080000000, 0x0000000083580000, 0x00000000d5580000)
  object space 54784K, 43% used [0x0000000080000000,0x0000000081706c60,0x0000000083580000)
 Metaspace       used 33250K, capacity 34868K, committed 35072K, reserved 1079296K
  class space    used 4534K, capacity 4855K, committed 4864K, reserved 1048576K
}
Event: 5.456 GC heap before
{Heap before GC invocations=10 (full 1):
 PSYoungGen      total 121856K, used 26038K [0x00000000d5580000, 0x00000000dd600000, 0x0000000100000000)
  eden space 113152K, 15% used [0x00000000d5580000,0x00000000d6675000,0x00000000dc400000)
  from space 8704K, 99% used [0x00000000dcd80000,0x00000000dd5f8808,0x00000000dd600000)
  to   space 9216K, 0% used [0x00000000dc400000,0x00000000dc400000,0x00000000dcd00000)
 ParOldGen       total 54784K, used 23579K [0x0000000080000000, 0x0000000083580000, 0x00000000d5580000)
  object space 54784K, 43% used [0x0000000080000000,0x0000000081706c60,0x0000000083580000)
 Metaspace       used 33780K, capacity 35300K, committed 35456K, reserved 1079296K
  class space    used 4591K, capacity 4891K, committed 4992K, reserved 1048576K
Event: 5.472 GC heap after
Heap after GC invocations=10 (full 1):
 PSYoungGen      total 122368K, used 5813K [0x00000000d5580000, 0x00000000dd600000, 0x0000000100000000)
  eden space 113152K, 0% used [0x00000000d5580000,0x00000000d5580000,0x00000000dc400000)
  from space 9216K, 63% used [0x00000000dc400000,0x00000000dc9ad7e8,0x00000000dcd00000)
  to   space 8704K, 0% used [0x00000000dcd80000,0x00000000dcd80000,0x00000000dd600000)
 ParOldGen       total 54784K, used 27330K [0x0000000080000000, 0x0000000083580000, 0x00000000d5580000)
  object space 54784K, 49% used [0x0000000080000000,0x0000000081ab0980,0x0000000083580000)
 Metaspace       used 33780K, capacity 35300K, committed 35456K, reserved 1079296K
  class space    used 4591K, capacity 4891K, committed 4992K, reserved 1048576K
}
Event: 5.472 GC heap before
{Heap before GC invocations=11 (full 2):
 PSYoungGen      total 122368K, used 5813K [0x00000000d5580000, 0x00000000dd600000, 0x0000000100000000)
  eden space 113152K, 0% used [0x00000000d5580000,0x00000000d5580000,0x00000000dc400000)
  from space 9216K, 63% used [0x00000000dc400000,0x00000000dc9ad7e8,0x00000000dcd00000)
  to   space 8704K, 0% used [0x00000000dcd80000,0x00000000dcd80000,0x00000000dd600000)
 ParOldGen       total 54784K, used 27330K [0x0000000080000000, 0x0000000083580000, 0x00000000d5580000)
  object space 54784K, 49% used [0x0000000080000000,0x0000000081ab0980,0x0000000083580000)
 Metaspace       used 33780K, capacity 35300K, committed 35456K, reserved 1079296K
  class space    used 4591K, capacity 4891K, committed 4992K, reserved 1048576K
Event: 5.574 GC heap after
Heap after GC invocations=11 (full 2):
 PSYoungGen      total 122368K, used 0K [0x00000000d5580000, 0x00000000dd600000, 0x0000000100000000)
  eden space 113152K, 0% used [0x00000000d5580000,0x00000000d5580000,0x00000000dc400000)
  from space 9216K, 0% used [0x00000000dc400000,0x00000000dc400000,0x00000000dcd00000)
  to   space 8704K, 0% used [0x00000000dcd80000,0x00000000dcd80000,0x00000000dd600000)
 ParOldGen       total 86528K, used 21594K [0x0000000080000000, 0x0000000085480000, 0x00000000d5580000)
  object space 86528K, 24% used [0x0000000080000000,0x0000000081516b70,0x0000000085480000)
 Metaspace       used 33780K, capacity 35300K, committed 35456K, reserved 1079296K
  class space    used 4591K, capacity 4891K, committed 4992K, reserved 1048576K
}

