# JRE version: Java(TM) SE Runtime Environment (8.0_121-b13) (build 1.8.0_121-b13)
# Java VM: Java HotSpot(TM) 64-Bit Server VM (25.121-b13 mixed mode windows-amd64 compressed oops)
Heap:
 PSYoungGen      total 204800K, used 154168K [0x00000000d5580000, 0x00000000e6e00000, 0x0000000100000000)
  eden space 189952K, 73% used [0x00000000d5580000,0x00000000ddeab1f0,0x00000000e0f00000)
  from space 14848K, 92% used [0x00000000e0f00000,0x00000000e1c62eb0,0x00000000e1d80000)
  to   space 16384K, 0% used [0x00000000e5e00000,0x00000000e5e00000,0x00000000e6e00000)
 ParOldGen       total 86528K, used 22370K [0x0000000080000000, 0x0000000085480000, 0x00000000d5580000)
  object space 86528K, 25% used [0x0000000080000000,0x00000000815d8880,0x0000000085480000)
 Metaspace       used 50875K, capacity 53296K, committed 53464K, reserved 1095680K
  class space    used 7168K, capacity 7612K, committed 7680K, reserved 1048576K
GC Heap History (10 events):
Event: 3.845 GC heap before
{Heap before GC invocations=7 (full 1):
 PSYoungGen      total 71680K, used 66560K [0x00000000d5580000, 0x00000000de880000, 0x0000000100000000)
  eden space 66560K, 100% used [0x00000000d5580000,0x00000000d9680000,0x00000000d9680000)
  from space 5120K, 0% used [0x00000000d9680000,0x00000000d9680000,0x00000000d9b80000)
  to   space 8704K, 0% used [0x00000000de000000,0x00000000de000000,0x00000000de880000)
 ParOldGen       total 51200K, used 6590K [0x0000000080000000, 0x0000000083200000, 0x00000000d5580000)
  object space 51200K, 12% used [0x0000000080000000,0x000000008066f968,0x0000000083200000)
 Metaspace       used 25110K, capacity 26016K, committed 26240K, reserved 1071104K
  class space    used 3401K, capacity 3601K, committed 3712K, reserved 1048576K
Event: 3.860 GC heap after
Heap after GC invocations=7 (full 1):
 PSYoungGen      total 120832K, used 5815K [0x00000000d5580000, 0x00000000de600000, 0x0000000100000000)
  eden space 114688K, 0% used [0x00000000d5580000,0x00000000d5580000,0x00000000dc580000)
  from space 6144K, 94% used [0x00000000de000000,0x00000000de5ade90,0x00000000de600000)
  to   space 8192K, 0% used [0x00000000dd600000,0x00000000dd600000,0x00000000dde00000)
 ParOldGen       total 51200K, used 6662K [0x0000000080000000, 0x0000000083200000, 0x00000000d5580000)
  object space 51200K, 13% used [0x0000000080000000,0x0000000080681978,0x0000000083200000)
 Metaspace       used 25110K, capacity 26016K, committed 26240K, reserved 1071104K
  class space    used 3401K, capacity 3601K, committed 3712K, reserved 1048576K
}
Event: 4.806 GC heap before
{Heap before GC invocations=8 (full 1):
 PSYoungGen      total 120832K, used 120503K [0x00000000d5580000, 0x00000000de600000, 0x0000000100000000)
  eden space 114688K, 100% used [0x00000000d5580000,0x00000000dc580000,0x00000000dc580000)
  from space 6144K, 94% used [0x00000000de000000,0x00000000de5ade90,0x00000000de600000)
  to   space 8192K, 0% used [0x00000000dd600000,0x00000000dd600000,0x00000000dde00000)
 ParOldGen       total 51200K, used 6662K [0x0000000080000000, 0x0000000083200000, 0x00000000d5580000)
  object space 51200K, 13% used [0x0000000080000000,0x0000000080681978,0x0000000083200000)
 Metaspace       used 28063K, capacity 29056K, committed 29312K, reserved 1075200K
  class space    used 3887K, capacity 4127K, committed 4224K, reserved 1048576K
Event: 4.823 GC heap after
Heap after GC invocations=8 (full 1):
 PSYoungGen      total 139776K, used 8165K [0x00000000d5580000, 0x00000000e2800000, 0x0000000100000000)
  eden space 131584K, 0% used [0x00000000d5580000,0x00000000d5580000,0x00000000dd600000)
  from space 8192K, 99% used [0x00000000dd600000,0x00000000dddf9640,0x00000000dde00000)
  to   space 10752K, 0% used [0x00000000e1d80000,0x00000000e1d80000,0x00000000e2800000)
 ParOldGen       total 51200K, used 9909K [0x0000000080000000, 0x0000000083200000, 0x00000000d5580000)
  object space 51200K, 19% used [0x0000000080000000,0x00000000809ad660,0x0000000083200000)
 Metaspace       used 28063K, capacity 29056K, committed 29312K, reserved 1075200K
  class space    used 3887K, capacity 4127K, committed 4224K, reserved 1048576K
}
Event: 5.803 GC heap before
{Heap before GC invocations=9 (full 1):
 PSYoungGen      total 139776K, used 107286K [0x00000000d5580000, 0x00000000e2800000, 0x0000000100000000)
  eden space 131584K, 75% used [0x00000000d5580000,0x00000000db64c1c8,0x00000000dd600000)
  from space 8192K, 99% used [0x00000000dd600000,0x00000000dddf9640,0x00000000dde00000)
  to   space 10752K, 0% used [0x00000000e1d80000,0x00000000e1d80000,0x00000000e2800000)
 ParOldGen       total 51200K, used 9909K [0x0000000080000000, 0x0000000083200000, 0x00000000d5580000)
  object space 51200K, 19% used [0x0000000080000000,0x00000000809ad660,0x0000000083200000)
 Metaspace       used 33868K, capacity 35354K, committed 35416K, reserved 1079296K
  class space    used 4643K, capacity 4946K, committed 4992K, reserved 1048576K
Event: 5.827 GC heap after
Heap after GC invocations=9 (full 1):
 PSYoungGen      total 200704K, used 10741K [0x00000000d5580000, 0x00000000e4a00000, 0x0000000100000000)
  eden space 189952K, 0% used [0x00000000d5580000,0x00000000d5580000,0x00000000e0f00000)
  from space 10752K, 99% used [0x00000000e1d80000,0x00000000e27fd6b0,0x00000000e2800000)
  to   space 14848K, 0% used [0x00000000e0f00000,0x00000000e0f00000,0x00000000e1d80000)
 ParOldGen       total 51200K, used 17030K [0x0000000080000000, 0x0000000083200000, 0x00000000d5580000)
  object space 51200K, 33% used [0x0000000080000000,0x00000000810a1848,0x0000000083200000)
 Metaspace       used 33868K, capacity 35354K, committed 35416K, reserved 1079296K
  class space    used 4643K, capacity 4946K, committed 4992K, reserved 1048576K
}
Event: 5.827 GC heap before
{Heap before GC invocations=10 (full 2):
 PSYoungGen      total 200704K, used 10741K [0x00000000d5580000, 0x00000000e4a00000, 0x0000000100000000)
  eden space 189952K, 0% used [0x00000000d5580000,0x00000000d5580000,0x00000000e0f00000)
  from space 10752K, 99% used [0x00000000e1d80000,0x00000000e27fd6b0,0x00000000e2800000)
  to   space 14848K, 0% used [0x00000000e0f00000,0x00000000e0f00000,0x00000000e1d80000)
 ParOldGen       total 51200K, used 17030K [0x0000000080000000, 0x0000000083200000, 0x00000000d5580000)
  object space 51200K, 33% used [0x0000000080000000,0x00000000810a1848,0x0000000083200000)
 Metaspace       used 33868K, capacity 35354K, committed 35416K, reserved 1079296K
  class space    used 4643K, capacity 4946K, committed 4992K, reserved 1048576K
Event: 5.923 GC heap after
Heap after GC invocations=10 (full 2):
 PSYoungGen      total 200704K, used 0K [0x00000000d5580000, 0x00000000e4a00000, 0x0000000100000000)
  eden space 189952K, 0% used [0x00000000d5580000,0x00000000d5580000,0x00000000e0f00000)
  from space 10752K, 0% used [0x00000000e1d80000,0x00000000e1d80000,0x00000000e2800000)
  to   space 14848K, 0% used [0x00000000e0f00000,0x00000000e0f00000,0x00000000e1d80000)
 ParOldGen       total 86528K, used 22362K [0x0000000080000000, 0x0000000085480000, 0x00000000d5580000)
  object space 86528K, 25% used [0x0000000080000000,0x00000000815d6880,0x0000000085480000)
 Metaspace       used 33868K, capacity 35354K, committed 35416K, reserved 1079296K
  class space    used 4643K, capacity 4946K, committed 4992K, reserved 1048576K
}
Event: 8.114 GC heap before
{Heap before GC invocations=11 (full 2):
 PSYoungGen      total 200704K, used 189952K [0x00000000d5580000, 0x00000000e4a00000, 0x0000000100000000)
  eden space 189952K, 100% used [0x00000000d5580000,0x00000000e0f00000,0x00000000e0f00000)
  from space 10752K, 0% used [0x00000000e1d80000,0x00000000e1d80000,0x00000000e2800000)
  to   space 14848K, 0% used [0x00000000e0f00000,0x00000000e0f00000,0x00000000e1d80000)
 ParOldGen       total 86528K, used 22362K [0x0000000080000000, 0x0000000085480000, 0x00000000d5580000)
  object space 86528K, 25% used [0x0000000080000000,0x00000000815d6880,0x0000000085480000)
 Metaspace       used 42455K, capacity 44442K, committed 44504K, reserved 1087488K
  class space    used 6016K, capacity 6390K, committed 6400K, reserved 1048576K
Event: 8.137 GC heap after
Heap after GC invocations=11 (full 2):
 PSYoungGen      total 204800K, used 13707K [0x00000000d5580000, 0x00000000e6e00000, 0x0000000100000000)
  eden space 189952K, 0% used [0x00000000d5580000,0x00000000d5580000,0x00000000e0f00000)
  from space 14848K, 92% used [0x00000000e0f00000,0x00000000e1c62eb0,0x00000000e1d80000)
  to   space 16384K, 0% used [0x00000000e5e00000,0x00000000e5e00000,0x00000000e6e00000)
 ParOldGen       total 86528K, used 22370K [0x0000000080000000, 0x0000000085480000, 0x00000000d5580000)
  object space 86528K, 25% used [0x0000000080000000,0x00000000815d8880,0x0000000085480000)
 Metaspace       used 42455K, capacity 44442K, committed 44504K, reserved 1087488K
  class space    used 6016K, capacity 6390K, committed 6400K, reserved 1048576K
}

